\BOOKMARK [1][-]{section.1}{Kapitel 1 - Einf\374hrung}{}% 1
\BOOKMARK [1][-]{section.2}{Kapitel 2 - Halbleitermaterialien}{}% 2
\BOOKMARK [2][-]{subsection.2.1}{Eigenschaften von Silizium}{section.2}% 3
\BOOKMARK [3][-]{subsubsection.2.1.1}{Stellung im Periodensystem}{subsection.2.1}% 4
\BOOKMARK [3][-]{subsubsection.2.1.2}{Valenzelektronen}{subsection.2.1}% 5
\BOOKMARK [3][-]{subsubsection.2.1.3}{Kristallstruktur}{subsection.2.1}% 6
\BOOKMARK [3][-]{subsubsection.2.1.4}{Miller'sche Indizes und Kristallorientierungen}{subsection.2.1}% 7
\BOOKMARK [2][-]{subsection.2.2}{Eigenleitung, Dotierung}{section.2}% 8
\BOOKMARK [3][-]{subsubsection.2.2.1}{Akzeptoren, Donatoren}{subsection.2.2}% 9
\BOOKMARK [3][-]{subsubsection.2.2.2}{Konzentration, Lage im Bandgap usw.}{subsection.2.2}% 10
\BOOKMARK [3][-]{subsubsection.2.2.3}{Dotantenaktivierung}{subsection.2.2}% 11
\BOOKMARK [2][-]{subsection.2.3}{Gewinnung von Reinstsilizium}{section.2}% 12
\BOOKMARK [3][-]{subsubsection.2.3.1}{Reduktion im Niederschachtofen}{subsection.2.3}% 13
\BOOKMARK [3][-]{subsubsection.2.3.2}{Reinigung im Wirbelschichtreaktor}{subsection.2.3}% 14
\BOOKMARK [3][-]{subsubsection.2.3.3}{Polyabscheidung \(Siemensprozess\)}{subsection.2.3}% 15
\BOOKMARK [2][-]{subsection.2.4}{Einkristallines Silizium}{section.2}% 16
\BOOKMARK [3][-]{subsubsection.2.4.1}{Zonenziehen und Tiegelziehen}{subsection.2.4}% 17
\BOOKMARK [3][-]{subsubsection.2.4.2}{Waferma\337e und -orientierungen}{subsection.2.4}% 18
\BOOKMARK [1][-]{section.3}{Kapitel 3 - Bandstruktur}{}% 19
\BOOKMARK [1][-]{section.4}{Kapitel 4 - Ladungstr\344ger}{}% 20
\BOOKMARK [1][-]{section.5}{Kapitel 5 - Ladungstr\344gerdynamik}{}% 21
\BOOKMARK [1][-]{section.6}{Kapitel 6 - Feldeffekttransistor}{}% 22
\BOOKMARK [1][-]{section.7}{Kapitel 7 - Speicherbauelement}{}% 23
\BOOKMARK [1][-]{section.8}{Kapitel 8 - pn-\334bergang}{}% 24
\BOOKMARK [1][-]{section.9}{Kapitel 9 - Solarzelle}{}% 25
\BOOKMARK [1][-]{section.10}{Kapitel 10 - Bipolartransistor}{}% 26
\BOOKMARK [1][-]{section.11}{Kapitel 11 - Verbindungshalbleiter}{}% 27
\BOOKMARK [2][-]{subsection.11.1}{Element- und Verbindungshalbleiter}{section.11}% 28
\BOOKMARK [3][-]{subsubsection.11.1.1}{Direkte und indirekte Halbleiter}{subsection.11.1}% 29
\BOOKMARK [3][-]{subsubsection.11.1.2}{Dotieren von Verbindungshalbleitern}{subsection.11.1}% 30
\BOOKMARK [3][-]{subsubsection.11.1.3}{Ladungstr\344gerbeweglichkeiten}{subsection.11.1}% 31
\BOOKMARK [2][-]{subsection.11.2}{Welleneigenschaften}{section.11}% 32
\BOOKMARK [3][-]{subsubsection.11.2.1}{Monochromatisch}{subsection.11.2}% 33
\BOOKMARK [3][-]{subsubsection.11.2.2}{koh\344rent}{subsection.11.2}% 34
\BOOKMARK [3][-]{subsubsection.11.2.3}{kollimiert}{subsection.11.2}% 35
\BOOKMARK [2][-]{subsection.11.3}{Leuchtdioden}{section.11}% 36
\BOOKMARK [3][-]{subsubsection.11.3.1}{Funktionsprinzip}{subsection.11.3}% 37
\BOOKMARK [3][-]{subsubsection.11.3.2}{Verschiedene Farben}{subsection.11.3}% 38
\BOOKMARK [3][-]{subsubsection.11.3.3}{Wei\337e Dioden}{subsection.11.3}% 39
\BOOKMARK [2][-]{subsection.11.4}{Laser}{section.11}% 40
\BOOKMARK [3][-]{subsubsection.11.4.1}{Funktionsprinzip \(stimulierte Emission, Pumpen, beteiligte Energieniveaus, ...\)}{subsection.11.4}% 41
\BOOKMARK [3][-]{subsubsection.11.4.2}{Resonatoren}{subsection.11.4}% 42
\BOOKMARK [3][-]{subsubsection.11.4.3}{Halbleiterlaser \(Prinzipeller Aufbau, VCSEL, ...\)}{subsection.11.4}% 43
\BOOKMARK [1][-]{section.12}{Kapitel 12 - Technologie}{}% 44
\BOOKMARK [1][-]{section.13}{Kapitel 13 - Nanoelektronik}{}% 45
\BOOKMARK [1][-]{section.14}{Test}{}% 46
\BOOKMARK [2][-]{subsection.14.1}{Thema 1}{section.14}% 47
\BOOKMARK [2][-]{subsection.14.2}{Thema 2}{section.14}% 48
\BOOKMARK [2][-]{subsection.14.3}{Verteilungsfunktion}{section.14}% 49
\BOOKMARK [3][-]{subsubsection.14.3.1}{Fermiverteilung}{subsection.14.3}% 50
